2013/02/06 14:31:48 [error] [php] date(): It is not safe to rely on the system's timezone settings. You are *required* to use the date.timezone setting or the date_default_timezone_set() function. In case you used any of those methods and you are still getting this warning, you most likely misspelled the timezone identifier. We selected 'America/New_York' for 'EST/-5.0/no DST' instead (/Users/hmnelson/Sites/demo/protected/views/layouts/main.php:51)
Stack trace:
#0 /Users/hmnelson/Sites/yii-1.1.13.e9e4a0/framework/web/CBaseController.php(95): SiteController->renderInternal()
#1 /Users/hmnelson/Sites/yii-1.1.13.e9e4a0/framework/web/widgets/CContentDecorator.php(76): SiteController->renderFile()
#2 /Users/hmnelson/Sites/yii-1.1.13.e9e4a0/framework/web/widgets/CContentDecorator.php(54): CContentDecorator->decorate()
#3 /Users/hmnelson/Sites/yii-1.1.13.e9e4a0/framework/web/widgets/COutputProcessor.php(44): CContentDecorator->processOutput()
#4 /Users/hmnelson/Sites/yii-1.1.13.e9e4a0/framework/web/CBaseController.php(206): CContentDecorator->run()
#5 /Users/hmnelson/Sites/yii-1.1.13.e9e4a0/framework/web/CBaseController.php(300): SiteController->endWidget()
#6 /Users/hmnelson/Sites/demo/protected/views/layouts/column1.php(6): SiteController->endContent()
#7 /Users/hmnelson/Sites/yii-1.1.13.e9e4a0/framework/web/CBaseController.php(126): require()
#8 /Users/hmnelson/Sites/yii-1.1.13.e9e4a0/framework/web/CBaseController.php(95): SiteController->renderInternal()
#9 /Users/hmnelson/Sites/yii-1.1.13.e9e4a0/framework/web/CController.php(784): SiteController->renderFile()
#10 /Users/hmnelson/Sites/demo/protected/controllers/SiteController.php(32): SiteController->render()
#11 /Users/hmnelson/Sites/yii-1.1.13.e9e4a0/framework/web/actions/CInlineAction.php(49): SiteController->actionIndex()
#12 /Users/hmnelson/Sites/yii-1.1.13.e9e4a0/framework/web/CController.php(308): CInlineAction->runWithParams()
#13 /Users/hmnelson/Sites/yii-1.1.13.e9e4a0/framework/web/CController.php(286): SiteController->runAction()
#14 /Users/hmnelson/Sites/yii-1.1.13.e9e4a0/framework/web/CController.php(265): SiteController->runActionWithFilters()
#15 /Users/hmnelson/Sites/yii-1.1.13.e9e4a0/framework/web/CWebApplication.php(282): SiteController->run()
#16 /Users/hmnelson/Sites/yii-1.1.13.e9e4a0/framework/web/CWebApplication.php(141): CWebApplication->runController()
#17 /Users/hmnelson/Sites/yii-1.1.13.e9e4a0/framework/base/CApplication.php(169): CWebApplication->processRequest()
#18 /Users/hmnelson/Sites/demo/index.php(13): CWebApplication->run()
#19 /Users/hmnelson/Sites/yii-1.1.13.e9e4a0/framework/cli/commands/ShellCommand.php(78): require()
#20 /Users/hmnelson/Sites/yii-1.1.13.e9e4a0/framework/console/CConsoleCommandRunner.php(67): ShellCommand->run()
#21 /Users/hmnelson/Sites/yii-1.1.13.e9e4a0/framework/console/CConsoleApplication.php(91): CConsoleCommandRunner->run()
#22 /Users/hmnelson/Sites/yii-1.1.13.e9e4a0/framework/base/CApplication.php(169): CConsoleApplication->processRequest()
#23 /Users/hmnelson/Sites/yii-1.1.13.e9e4a0/framework/yiic.php(33): CConsoleApplication->run()
#24 /Users/hmnelson/Sites/yii-1.1.13.e9e4a0/framework/yiic(14): require_once()
REQUEST_URI=/index.php
2013/02/06 14:35:29 [error] [php] date(): It is not safe to rely on the system's timezone settings. You are *required* to use the date.timezone setting or the date_default_timezone_set() function. In case you used any of those methods and you are still getting this warning, you most likely misspelled the timezone identifier. We selected 'America/New_York' for 'EST/-5.0/no DST' instead (/Users/hmnelson/Sites/demo/protected/views/layouts/main.php:51)
Stack trace:
#0 /Users/hmnelson/Sites/yii-1.1.13.e9e4a0/framework/web/CBaseController.php(95): SiteController->renderInternal()
#1 /Users/hmnelson/Sites/yii-1.1.13.e9e4a0/framework/web/widgets/CContentDecorator.php(76): SiteController->renderFile()
#2 /Users/hmnelson/Sites/yii-1.1.13.e9e4a0/framework/web/widgets/CContentDecorator.php(54): CContentDecorator->decorate()
#3 /Users/hmnelson/Sites/yii-1.1.13.e9e4a0/framework/web/widgets/COutputProcessor.php(44): CContentDecorator->processOutput()
#4 /Users/hmnelson/Sites/yii-1.1.13.e9e4a0/framework/web/CBaseController.php(206): CContentDecorator->run()
#5 /Users/hmnelson/Sites/yii-1.1.13.e9e4a0/framework/web/CBaseController.php(300): SiteController->endWidget()
#6 /Users/hmnelson/Sites/demo/protected/views/layouts/column1.php(6): SiteController->endContent()
#7 /Users/hmnelson/Sites/yii-1.1.13.e9e4a0/framework/web/CBaseController.php(126): require()
#8 /Users/hmnelson/Sites/yii-1.1.13.e9e4a0/framework/web/CBaseController.php(95): SiteController->renderInternal()
#9 /Users/hmnelson/Sites/yii-1.1.13.e9e4a0/framework/web/CController.php(784): SiteController->renderFile()
#10 /Users/hmnelson/Sites/demo/protected/controllers/SiteController.php(32): SiteController->render()
#11 /Users/hmnelson/Sites/yii-1.1.13.e9e4a0/framework/web/actions/CInlineAction.php(49): SiteController->actionIndex()
#12 /Users/hmnelson/Sites/yii-1.1.13.e9e4a0/framework/web/CController.php(308): CInlineAction->runWithParams()
#13 /Users/hmnelson/Sites/yii-1.1.13.e9e4a0/framework/web/CController.php(286): SiteController->runAction()
#14 /Users/hmnelson/Sites/yii-1.1.13.e9e4a0/framework/web/CController.php(265): SiteController->runActionWithFilters()
#15 /Users/hmnelson/Sites/yii-1.1.13.e9e4a0/framework/web/CWebApplication.php(282): SiteController->run()
#16 /Users/hmnelson/Sites/yii-1.1.13.e9e4a0/framework/web/CWebApplication.php(141): CWebApplication->runController()
#17 /Users/hmnelson/Sites/yii-1.1.13.e9e4a0/framework/base/CApplication.php(169): CWebApplication->processRequest()
#18 /Users/hmnelson/Sites/demo/index.php(13): CWebApplication->run()
#19 /Users/hmnelson/Sites/yii-1.1.13.e9e4a0/framework/cli/commands/ShellCommand.php(78): require()
#20 /Users/hmnelson/Sites/yii-1.1.13.e9e4a0/framework/console/CConsoleCommandRunner.php(67): ShellCommand->run()
#21 /Users/hmnelson/Sites/yii-1.1.13.e9e4a0/framework/console/CConsoleApplication.php(91): CConsoleCommandRunner->run()
#22 /Users/hmnelson/Sites/yii-1.1.13.e9e4a0/framework/base/CApplication.php(169): CConsoleApplication->processRequest()
#23 /Users/hmnelson/Sites/yii-1.1.13.e9e4a0/framework/yiic.php(33): CConsoleApplication->run()
#24 /Users/hmnelson/Sites/yii-1.1.13.e9e4a0/framework/yiic(14): require_once()
REQUEST_URI=/index.php
